TN:
SF:src/TokenExchange.sol
DA:51,1
FN:51,Owner.constructor
FNDA:1,Owner.constructor
DA:52,1
DA:53,1
DA:55,1
FN:55,Owner.onlyOwner
FNDA:1,Owner.onlyOwner
DA:56,1
BRDA:56,0,0,-
BRDA:56,0,1,1
DA:59,0
FN:59,Owner.owner
FNDA:0,Owner.owner
DA:60,0
DA:80,1
FN:80,Coins.constructor
FNDA:1,Coins.constructor
DA:81,1
DA:82,1
DA:83,1
DA:84,1
DA:85,1
DA:86,0
FN:86,Coins.name
FNDA:0,Coins.name
DA:87,0
DA:88,0
FN:88,Coins.symbol
FNDA:0,Coins.symbol
DA:89,0
DA:90,0
FN:90,Coins.totalSupply
FNDA:0,Coins.totalSupply
DA:91,0
DA:92,0
FN:92,Coins.decimals
FNDA:0,Coins.decimals
DA:93,0
DA:94,4
FN:94,Coins.balanceOf
FNDA:4,Coins.balanceOf
DA:95,4
DA:96,1
FN:96,Coins.allowance
FNDA:1,Coins.allowance
DA:97,1
DA:101,0
FN:101,Coins.transfer
FNDA:0,Coins.transfer
DA:103,0
DA:104,0
DA:106,1
FN:106,Coins.approve
FNDA:1,Coins.approve
DA:108,1
DA:109,1
DA:111,1
FN:111,Coins.transferFrom
FNDA:1,Coins.transferFrom
DA:113,1
DA:114,1
BRDA:114,0,0,-
BRDA:114,0,1,1
DA:115,1
DA:116,1
DA:117,1
DA:119,1
FN:119,Coins.ownerMint
FNDA:1,Coins.ownerMint
DA:121,1
DA:127,1
FN:127,Coins._transfer
FNDA:1,Coins._transfer
DA:129,1
BRDA:129,1,0,-
BRDA:129,1,1,1
DA:130,1
DA:131,1
BRDA:131,2,0,-
BRDA:131,2,1,1
DA:132,1
DA:133,1
DA:134,1
DA:137,2
FN:137,Coins._approve
FNDA:2,Coins._approve
DA:139,2
BRDA:139,3,0,-
BRDA:139,3,1,2
DA:140,2
DA:141,2
DA:143,2
FN:143,Coins._mint
FNDA:2,Coins._mint
DA:145,2
BRDA:145,4,0,-
BRDA:145,4,1,2
DA:146,2
DA:147,2
DA:148,2
DA:176,1
FN:176,Assets.constructor
FNDA:1,Assets.constructor
DA:177,1
DA:178,1
DA:179,1
DA:182,0
FN:182,Assets.name
FNDA:0,Assets.name
DA:184,0
FN:184,Assets.symbol
FNDA:0,Assets.symbol
DA:186,0
FN:186,Assets.balanceOf
FNDA:0,Assets.balanceOf
DA:187,0
BRDA:187,0,0,-
BRDA:187,0,1,-
DA:188,0
DA:191,2
FN:191,Assets.ownerOf
FNDA:2,Assets.ownerOf
DA:192,5
DA:193,5
BRDA:193,1,0,-
BRDA:193,1,1,5
DA:194,5
DA:197,0
FN:197,Assets.getApproved
FNDA:0,Assets.getApproved
DA:198,0
BRDA:198,2,0,-
BRDA:198,2,1,-
DA:199,0
DA:202,0
FN:202,Assets.isApprovedForAll
FNDA:0,Assets.isApprovedForAll
DA:203,0
DA:206,0
FN:206,Assets.approve
FNDA:0,Assets.approve
DA:207,0
DA:208,0
BRDA:208,3,0,-
BRDA:208,3,1,-
DA:209,0
BRDA:209,4,0,-
BRDA:209,4,1,-
DA:210,0
DA:211,0
DA:214,0
FN:214,Assets.setApprovedForAll
FNDA:0,Assets.setApprovedForAll
DA:215,0
DA:216,0
DA:219,0
FN:219,Assets.transferFrom
FNDA:0,Assets.transferFrom
DA:220,0
BRDA:220,5,0,-
BRDA:220,5,1,-
DA:221,0
DA:224,1
FN:224,Assets.mint
FNDA:1,Assets.mint
DA:225,1
DA:226,1
DA:229,1
FN:229,Assets.setPrice
FNDA:1,Assets.setPrice
DA:230,1
BRDA:230,6,0,-
BRDA:230,6,1,1
DA:231,1
BRDA:231,7,0,-
BRDA:231,7,1,1
DA:232,1
DA:233,1
DA:236,1
FN:236,Assets.exchange
FNDA:1,Assets.exchange
DA:237,1
DA:238,1
BRDA:238,8,0,-
BRDA:238,8,1,1
DA:239,1
DA:240,1
BRDA:240,9,0,-
BRDA:240,9,1,1
DA:241,1
DA:242,1
DA:244,1
DA:248,1
FN:248,Assets._transfer
FNDA:1,Assets._transfer
DA:249,1
BRDA:249,10,0,-
BRDA:249,10,1,1
DA:250,1
BRDA:250,11,0,-
BRDA:250,11,1,1
DA:251,1
DA:252,1
DA:253,1
DA:254,1
DA:257,1
FN:257,Assets._mint
FNDA:1,Assets._mint
DA:258,1
BRDA:258,12,0,-
BRDA:258,12,1,1
DA:259,1
BRDA:259,13,0,-
BRDA:259,13,1,1
DA:260,1
DA:261,1
DA:262,1
DA:265,0
FN:265,Assets._isApprovedOrOwner
FNDA:0,Assets._isApprovedOrOwner
DA:266,0
DA:267,0
FNF:33
FNH:18
LF:117
LH:79
BRF:40
BRH:15
end_of_record
