TN:
SF:src/MyToken.sol
DA:89,7
FN:89,MyToken.constructor
FNDA:7,MyToken.constructor
DA:90,7
DA:91,7
DA:92,7
DA:94,7
DA:96,7
DA:97,7
DA:105,1
FN:105,MyToken.name
FNDA:1,MyToken.name
DA:106,1
DA:112,1
FN:112,MyToken.symbol
FNDA:1,MyToken.symbol
DA:113,1
DA:119,1
FN:119,MyToken.decimals
FNDA:1,MyToken.decimals
DA:120,1
DA:126,1
FN:126,MyToken.totalSupply
FNDA:1,MyToken.totalSupply
DA:127,1
DA:134,7
FN:134,MyToken.balanceOf
FNDA:7,MyToken.balanceOf
DA:135,7
DA:143,2
FN:143,MyToken.allowance
FNDA:2,MyToken.allowance
DA:144,2
DA:155,3
FN:155,MyToken.transfer
FNDA:3,MyToken.transfer
DA:156,3
DA:157,1
DA:166,2
FN:166,MyToken.approve
FNDA:2,MyToken.approve
DA:167,2
DA:168,2
DA:178,2
FN:178,MyToken.transferFrom
FNDA:2,MyToken.transferFrom
DA:179,2
DA:180,2
BRDA:180,0,0,1
BRDA:180,0,1,1
DA:182,1
DA:183,1
DA:184,1
DA:195,4
FN:195,MyToken._transfer
FNDA:4,MyToken._transfer
DA:196,4
BRDA:196,1,0,-
BRDA:196,1,1,4
DA:197,4
BRDA:197,2,0,-
BRDA:197,2,1,4
DA:198,4
BRDA:198,3,0,1
BRDA:198,3,1,3
DA:200,3
DA:201,3
BRDA:201,4,0,1
BRDA:201,4,1,2
DA:205,2
DA:207,2
DA:209,2
DA:218,3
FN:218,MyToken._approve
FNDA:3,MyToken._approve
DA:219,3
BRDA:219,5,0,-
BRDA:219,5,1,3
DA:220,3
BRDA:220,6,0,-
BRDA:220,6,1,3
DA:222,3
DA:223,3
FNF:12
FNH:12
LF:45
LH:45
BRF:14
BRH:10
end_of_record
