{
"contracts/OwnableUpgradeable.sol":{"l":{"8":18,"9":18,"10":18,"23":18,"24":18,"28":6,"32":4,"33":3},"path":"/Users/avanishgarg/Desktop/Training/Basic-Training/contracts/OwnableUpgradeable.sol","s":{"1":18,"2":18,"3":6,"4":4},"b":{"1":[18,0],"2":[18,0],"3":[3,1]},"f":{"1":18,"2":18,"3":6,"4":4},"fnMap":{"1":{"name":"customInitializer","line":7,"loc":{"start":{"line":7,"column":4},"end":{"line":11,"column":4}}},"2":{"name":"__Ownable_init","line":22,"loc":{"start":{"line":22,"column":4},"end":{"line":25,"column":4}}},"3":{"name":"owner","line":27,"loc":{"start":{"line":27,"column":4},"end":{"line":29,"column":4}}},"4":{"name":"onlyOwner","line":31,"loc":{"start":{"line":31,"column":4},"end":{"line":34,"column":4}}}},"statementMap":{"1":{"start":{"line":8,"column":8},"end":{"line":8,"column":85}},"2":{"start":{"line":24,"column":8},"end":{"line":24,"column":53}},"3":{"start":{"line":28,"column":8},"end":{"line":28,"column":21}},"4":{"start":{"line":32,"column":8},"end":{"line":32,"column":73}}},"branchMap":{"1":{"line":8,"type":"if","locations":[{"start":{"line":8,"column":8},"end":{"line":8,"column":8}},{"start":{"line":8,"column":8},"end":{"line":8,"column":8}}]},"2":{"line":22,"type":"if","locations":[{"start":{"line":22,"column":39},"end":{"line":22,"column":39}},{"start":{"line":22,"column":39},"end":{"line":22,"column":39}}]},"3":{"line":32,"type":"if","locations":[{"start":{"line":32,"column":8},"end":{"line":32,"column":8}},{"start":{"line":32,"column":8},"end":{"line":32,"column":8}}]}}},
"contracts/Proxies.sol":{"l":{"17":20,"18":20,"27":20,"28":20,"37":11,"41":20,"42":20,"44":20,"76":2,"79":2,"92":9,"93":9,"99":11,"100":11,"106":9,"107":9,"108":9,"109":9,"110":9,"118":11,"119":2,"120":2,"123":2,"124":2,"125":2,"128":9,"132":2,"142":9,"143":9,"144":9,"145":9},"path":"/Users/avanishgarg/Desktop/Training/Basic-Training/contracts/Proxies.sol","s":{"1":20,"2":20,"3":11,"4":20,"5":20,"6":2,"7":2,"8":9,"9":11,"10":9,"11":9,"12":9,"13":9,"14":9,"15":11,"16":2,"17":2,"18":2,"19":2,"20":9,"21":2,"22":9,"23":9,"24":9,"25":9},"b":{"1":[20,0],"2":[2,0],"3":[2,0],"4":[9,0],"5":[9,0],"6":[2,9],"7":[2,0],"8":[9,0],"9":[9,0]},"f":{"1":20,"2":20,"3":11,"4":20,"5":9,"6":2,"7":9,"8":11,"9":9,"10":11,"11":2,"12":9},"fnMap":{"1":{"name":"_implementation","line":16,"loc":{"start":{"line":16,"column":4},"end":{"line":21,"column":4}}},"2":{"name":"_setImplementation","line":26,"loc":{"start":{"line":26,"column":4},"end":{"line":31,"column":4}}},"3":{"name":null,"line":36,"loc":{"start":{"line":36,"column":4},"end":{"line":38,"column":4}}},"4":{"name":"_fallback","line":40,"loc":{"start":{"line":40,"column":4},"end":{"line":62,"column":4}}},"5":{"name":"constructor","line":70,"loc":{"start":{"line":70,"column":4},"end":{"line":70,"column":39}}},"6":{"name":"upgrade","line":75,"loc":{"start":{"line":75,"column":4},"end":{"line":80,"column":4}}},"7":{"name":"_setAdmin","line":91,"loc":{"start":{"line":91,"column":4},"end":{"line":96,"column":4}}},"8":{"name":"_admin","line":98,"loc":{"start":{"line":98,"column":4},"end":{"line":103,"column":4}}},"9":{"name":"constructor","line":105,"loc":{"start":{"line":105,"column":4},"end":{"line":112,"column":4}}},"10":{"name":null,"line":117,"loc":{"start":{"line":117,"column":4},"end":{"line":129,"column":4}}},"11":{"name":"_upgradeTo","line":131,"loc":{"start":{"line":131,"column":4},"end":{"line":133,"column":4}}},"12":{"name":"constructor","line":141,"loc":{"start":{"line":141,"column":4},"end":{"line":147,"column":4}}}},"statementMap":{"1":{"start":{"line":17,"column":8},"end":{"line":17,"column":43}},"2":{"start":{"line":27,"column":8},"end":{"line":27,"column":43}},"3":{"start":{"line":37,"column":8},"end":{"line":37,"column":18}},"4":{"start":{"line":41,"column":8},"end":{"line":41,"column":40}},"5":{"start":{"line":42,"column":8},"end":{"line":42,"column":67}},"6":{"start":{"line":76,"column":8},"end":{"line":76,"column":2117}},"7":{"start":{"line":79,"column":8},"end":{"line":79,"column":53}},"8":{"start":{"line":92,"column":8},"end":{"line":92,"column":34}},"9":{"start":{"line":99,"column":8},"end":{"line":99,"column":34}},"10":{"start":{"line":106,"column":8},"end":{"line":106,"column":48}},"11":{"start":{"line":107,"column":8},"end":{"line":107,"column":23}},"12":{"start":{"line":108,"column":8},"end":{"line":108,"column":3098}},"13":{"start":{"line":109,"column":12},"end":{"line":109,"column":71}},"14":{"start":{"line":110,"column":12},"end":{"line":110,"column":59}},"15":{"start":{"line":118,"column":8},"end":{"line":118,"column":3403}},"16":{"start":{"line":119,"column":12},"end":{"line":119,"column":27}},"17":{"start":{"line":123,"column":12},"end":{"line":123,"column":3559}},"18":{"start":{"line":124,"column":16},"end":{"line":124,"column":62}},"19":{"start":{"line":125,"column":16},"end":{"line":125,"column":22}},"20":{"start":{"line":128,"column":8},"end":{"line":128,"column":24}},"21":{"start":{"line":132,"column":8},"end":{"line":132,"column":44}},"22":{"start":{"line":142,"column":8},"end":{"line":142,"column":48}},"23":{"start":{"line":143,"column":8},"end":{"line":143,"column":4128}},"24":{"start":{"line":144,"column":12},"end":{"line":144,"column":71}},"25":{"start":{"line":145,"column":12},"end":{"line":145,"column":59}}},"branchMap":{"1":{"line":42,"type":"if","locations":[{"start":{"line":42,"column":8},"end":{"line":42,"column":8}},{"start":{"line":42,"column":8},"end":{"line":42,"column":8}}]},"2":{"line":75,"type":"if","locations":[{"start":{"line":75,"column":72},"end":{"line":75,"column":72}},{"start":{"line":75,"column":72},"end":{"line":75,"column":72}}]},"3":{"line":79,"type":"if","locations":[{"start":{"line":79,"column":8},"end":{"line":79,"column":8}},{"start":{"line":79,"column":8},"end":{"line":79,"column":8}}]},"4":{"line":108,"type":"if","locations":[{"start":{"line":108,"column":8},"end":{"line":108,"column":8}},{"start":{"line":108,"column":8},"end":{"line":108,"column":8}}]},"5":{"line":110,"type":"if","locations":[{"start":{"line":110,"column":12},"end":{"line":110,"column":12}},{"start":{"line":110,"column":12},"end":{"line":110,"column":12}}]},"6":{"line":118,"type":"if","locations":[{"start":{"line":118,"column":8},"end":{"line":118,"column":8}},{"start":{"line":118,"column":8},"end":{"line":118,"column":8}}]},"7":{"line":123,"type":"if","locations":[{"start":{"line":123,"column":12},"end":{"line":123,"column":12}},{"start":{"line":123,"column":12},"end":{"line":123,"column":12}}]},"8":{"line":143,"type":"if","locations":[{"start":{"line":143,"column":8},"end":{"line":143,"column":8}},{"start":{"line":143,"column":8},"end":{"line":143,"column":8}}]},"9":{"line":145,"type":"if","locations":[{"start":{"line":145,"column":12},"end":{"line":145,"column":12}},{"start":{"line":145,"column":12},"end":{"line":145,"column":12}}]}}},
"contracts/TransparentLogic.sol":{"l":{"13":9,"14":9,"15":9,"19":1,"29":1,"33":1},"path":"/Users/avanishgarg/Desktop/Training/Basic-Training/contracts/TransparentLogic.sol","s":{"1":9,"2":9,"3":9,"4":1,"5":1,"6":1},"b":{"1":[9,0]},"f":{"1":9,"2":1,"3":1,"4":1},"fnMap":{"1":{"name":"initialize","line":12,"loc":{"start":{"line":12,"column":4},"end":{"line":16,"column":4}}},"2":{"name":"version","line":18,"loc":{"start":{"line":18,"column":4},"end":{"line":20,"column":4}}},"3":{"name":"version","line":28,"loc":{"start":{"line":28,"column":4},"end":{"line":30,"column":4}}},"4":{"name":"burn","line":32,"loc":{"start":{"line":32,"column":4},"end":{"line":34,"column":4}}}},"statementMap":{"1":{"start":{"line":13,"column":8},"end":{"line":13,"column":33}},"2":{"start":{"line":14,"column":8},"end":{"line":14,"column":23}},"3":{"start":{"line":15,"column":8},"end":{"line":15,"column":54}},"4":{"start":{"line":19,"column":8},"end":{"line":19,"column":40}},"5":{"start":{"line":29,"column":8},"end":{"line":29,"column":40}},"6":{"start":{"line":33,"column":8},"end":{"line":33,"column":32}}},"branchMap":{"1":{"line":12,"type":"if","locations":[{"start":{"line":12,"column":73},"end":{"line":12,"column":73}},{"start":{"line":12,"column":73},"end":{"line":12,"column":73}}]}}},
"contracts/UUPSLogic.sol":{"l":{"15":9,"16":9,"17":9,"21":1,"28":1,"29":1,"48":2,"49":1,"53":1,"58":1,"63":1,"64":1,"68":1,"69":1,"74":0,"75":0},"path":"/Users/avanishgarg/Desktop/Training/Basic-Training/contracts/UUPSLogic.sol","s":{"1":9,"2":9,"3":9,"4":1,"5":1,"6":2,"7":1,"8":1,"9":1,"10":1,"11":0},"b":{"1":[9,0],"2":[1,1],"3":[1,1],"4":[1,1],"5":[1,0],"6":[1,0],"7":[0,0]},"f":{"1":9,"2":1,"3":1,"4":2,"5":1,"6":1,"7":1,"8":1,"9":0},"fnMap":{"1":{"name":"initialize","line":14,"loc":{"start":{"line":14,"column":4},"end":{"line":18,"column":4}}},"2":{"name":"version","line":20,"loc":{"start":{"line":20,"column":4},"end":{"line":22,"column":4}}},"3":{"name":"upgradeTo","line":27,"loc":{"start":{"line":27,"column":4},"end":{"line":32,"column":4}}},"4":{"name":"whenNotPaused","line":47,"loc":{"start":{"line":47,"column":4},"end":{"line":50,"column":4}}},"5":{"name":"version","line":52,"loc":{"start":{"line":52,"column":4},"end":{"line":54,"column":4}}},"6":{"name":"transfer","line":57,"loc":{"start":{"line":57,"column":4},"end":{"line":59,"column":4}}},"7":{"name":"pause","line":62,"loc":{"start":{"line":62,"column":4},"end":{"line":65,"column":4}}},"8":{"name":"unpause","line":67,"loc":{"start":{"line":67,"column":4},"end":{"line":70,"column":4}}},"9":{"name":"upgradeTo","line":73,"loc":{"start":{"line":73,"column":4},"end":{"line":78,"column":4}}}},"statementMap":{"1":{"start":{"line":15,"column":8},"end":{"line":15,"column":33}},"2":{"start":{"line":16,"column":8},"end":{"line":16,"column":23}},"3":{"start":{"line":17,"column":8},"end":{"line":17,"column":54}},"4":{"start":{"line":21,"column":8},"end":{"line":21,"column":33}},"5":{"start":{"line":28,"column":8},"end":{"line":28,"column":43}},"6":{"start":{"line":48,"column":8},"end":{"line":48,"column":44}},"7":{"start":{"line":53,"column":8},"end":{"line":53,"column":33}},"8":{"start":{"line":58,"column":8},"end":{"line":58,"column":41}},"9":{"start":{"line":64,"column":8},"end":{"line":64,"column":31}},"10":{"start":{"line":69,"column":8},"end":{"line":69,"column":33}},"11":{"start":{"line":74,"column":8},"end":{"line":74,"column":43}}},"branchMap":{"1":{"line":14,"type":"if","locations":[{"start":{"line":14,"column":73},"end":{"line":14,"column":73}},{"start":{"line":14,"column":73},"end":{"line":14,"column":73}}]},"2":{"line":27,"type":"if","locations":[{"start":{"line":27,"column":59},"end":{"line":27,"column":59}},{"start":{"line":27,"column":59},"end":{"line":27,"column":59}}]},"3":{"line":48,"type":"if","locations":[{"start":{"line":48,"column":8},"end":{"line":48,"column":8}},{"start":{"line":48,"column":8},"end":{"line":48,"column":8}}]},"4":{"line":57,"type":"if","locations":[{"start":{"line":57,"column":66},"end":{"line":57,"column":66}},{"start":{"line":57,"column":66},"end":{"line":57,"column":66}}]},"5":{"line":62,"type":"if","locations":[{"start":{"line":62,"column":28},"end":{"line":62,"column":28}},{"start":{"line":62,"column":28},"end":{"line":62,"column":28}}]},"6":{"line":67,"type":"if","locations":[{"start":{"line":67,"column":30},"end":{"line":67,"column":30}},{"start":{"line":67,"column":30},"end":{"line":67,"column":30}}]},"7":{"line":73,"type":"if","locations":[{"start":{"line":73,"column":59},"end":{"line":73,"column":59}},{"start":{"line":73,"column":59},"end":{"line":73,"column":59}}]}}}}
