TN:
SF:/Users/avanishgarg/Desktop/Training/Basic-Training/contracts/OwnableUpgradeable.sol
FN:7,customInitializer
FN:22,__Ownable_init
FN:27,owner
FN:31,onlyOwner
FNF:4
FNH:4
FNDA:18,customInitializer
FNDA:18,__Ownable_init
FNDA:6,owner
FNDA:4,onlyOwner
DA:8,18
DA:9,18
DA:10,18
DA:23,18
DA:24,18
DA:28,6
DA:32,4
DA:33,3
LF:8
LH:8
BRDA:8,1,0,18
BRDA:8,1,1,0
BRDA:22,2,0,18
BRDA:22,2,1,0
BRDA:32,3,0,3
BRDA:32,3,1,1
BRF:6
BRH:4
end_of_record
TN:
SF:/Users/avanishgarg/Desktop/Training/Basic-Training/contracts/Proxies.sol
FN:16,_implementation
FN:26,_setImplementation
FN:36,
FN:40,_fallback
FN:70,constructor
FN:75,upgrade
FN:91,_setAdmin
FN:98,_admin
FN:105,constructor
FN:117,
FN:131,_upgradeTo
FN:141,constructor
FNF:12
FNH:12
FNDA:20,_implementation
FNDA:20,_setImplementation
FNDA:11,
FNDA:20,_fallback
FNDA:9,constructor
FNDA:2,upgrade
FNDA:9,_setAdmin
FNDA:11,_admin
FNDA:9,constructor
FNDA:11,
FNDA:2,_upgradeTo
FNDA:9,constructor
DA:17,20
DA:18,20
DA:27,20
DA:28,20
DA:37,11
DA:41,20
DA:42,20
DA:44,20
DA:76,2
DA:79,2
DA:92,9
DA:93,9
DA:99,11
DA:100,11
DA:106,9
DA:107,9
DA:108,9
DA:109,9
DA:110,9
DA:118,11
DA:119,2
DA:120,2
DA:123,2
DA:124,2
DA:125,2
DA:128,9
DA:132,2
DA:142,9
DA:143,9
DA:144,9
DA:145,9
LF:31
LH:31
BRDA:42,1,0,20
BRDA:42,1,1,0
BRDA:75,2,0,2
BRDA:75,2,1,0
BRDA:79,3,0,2
BRDA:79,3,1,0
BRDA:108,4,0,9
BRDA:108,4,1,0
BRDA:110,5,0,9
BRDA:110,5,1,0
BRDA:118,6,0,2
BRDA:118,6,1,9
BRDA:123,7,0,2
BRDA:123,7,1,0
BRDA:143,8,0,9
BRDA:143,8,1,0
BRDA:145,9,0,9
BRDA:145,9,1,0
BRF:18
BRH:10
end_of_record
TN:
SF:/Users/avanishgarg/Desktop/Training/Basic-Training/contracts/TransparentLogic.sol
FN:12,initialize
FN:18,version
FN:28,version
FN:32,burn
FNF:4
FNH:4
FNDA:9,initialize
FNDA:1,version
FNDA:1,version
FNDA:1,burn
DA:13,9
DA:14,9
DA:15,9
DA:19,1
DA:29,1
DA:33,1
LF:6
LH:6
BRDA:12,1,0,9
BRDA:12,1,1,0
BRF:2
BRH:1
end_of_record
TN:
SF:/Users/avanishgarg/Desktop/Training/Basic-Training/contracts/UUPSLogic.sol
FN:14,initialize
FN:20,version
FN:27,upgradeTo
FN:47,whenNotPaused
FN:52,version
FN:57,transfer
FN:62,pause
FN:67,unpause
FN:73,upgradeTo
FNF:9
FNH:8
FNDA:9,initialize
FNDA:1,version
FNDA:1,upgradeTo
FNDA:2,whenNotPaused
FNDA:1,version
FNDA:1,transfer
FNDA:1,pause
FNDA:1,unpause
FNDA:0,upgradeTo
DA:15,9
DA:16,9
DA:17,9
DA:21,1
DA:28,1
DA:29,1
DA:48,2
DA:49,1
DA:53,1
DA:58,1
DA:63,1
DA:64,1
DA:68,1
DA:69,1
DA:74,0
DA:75,0
LF:16
LH:14
BRDA:14,1,0,9
BRDA:14,1,1,0
BRDA:27,2,0,1
BRDA:27,2,1,1
BRDA:48,3,0,1
BRDA:48,3,1,1
BRDA:57,4,0,1
BRDA:57,4,1,1
BRDA:62,5,0,1
BRDA:62,5,1,0
BRDA:67,6,0,1
BRDA:67,6,1,0
BRDA:73,7,0,0
BRDA:73,7,1,0
BRF:14
BRH:9
end_of_record
